<?xml version="1.0" encoding="UTF-8"?>
<!-- Generated by org.testng.reporters.JUnitXMLReporter -->
<testsuite ignored="0" hostname="Archana-Laptop" failures="0" tests="15" name="TestRunner" time="27.872" errors="0" timestamp="2022-09-19T16:13:43 IST">
  <testcase classname="Testcases.validget" name="f" time="1.694"/>
  <testcase classname="Testcases.validgetsingleuser" name="f" time="0.515"/>
  <testcase classname="Testcases.validListResource" name="f" time="0.51"/>
  <testcase classname="Testcases.validSingleResource" name="f" time="0.593"/>
  <testcase classname="Testcases.validgetDelayedResponse" name="f" time="4.464"/>
  <testcase classname="Testcases.validpostCreate" name="f" time="3.569"/>
  <testcase classname="Testcases.validputUpdate" name="f" time="2.169"/>
  <testcase classname="Testcases.validDelete" name="f" time="2.395"/>
  <testcase classname="Testcases.invalidSingleUser" name="f" time="1.766"/>
  <testcase classname="Testcases.invalidSingleResource" name="f" time="1.248"/>
  <testcase classname="Testcases.validpatchUpdate" name="f" time="2.059"/>
  <testcase classname="Testcases.validpostRegistration" name="f" time="1.177"/>
  <testcase classname="Testcases.invalidpostRegistration" name="f" time="1.219"/>
  <testcase classname="Testcases.validpostLogin" name="f" time="1.133"/>
  <testcase classname="Testcases.invalidpostLoginTest" name="f" time="3.31"/>
</testsuite> <!-- TestRunner -->
