<?xml version="1.0" encoding="UTF-8"?>
<testng-results ignored="0" total="15" passed="15" failed="0" skipped="0">
  <reporter-output>
  </reporter-output>
  <suite started-at="2022-09-19T16:13:15 IST" name="Suite" finished-at="2022-09-19T16:13:43 IST" duration-ms="27872">
    <groups>
    </groups>
    <test started-at="2022-09-19T16:13:15 IST" name="TestRunner" finished-at="2022-09-19T16:13:43 IST" duration-ms="27872">
      <class name="Testcases.invalidSingleUser">
        <test-method signature="f()[pri:0, instance:Testcases.invalidSingleUser@49d904ec]" started-at="2022-09-19T16:13:31 IST" name="f" finished-at="2022-09-19T16:13:32 IST" duration-ms="1766" status="PASS">
          <reporter-output>
          </reporter-output>
        </test-method> <!-- f -->
      </class> <!-- Testcases.invalidSingleUser -->
      <class name="Testcases.validSingleResource">
        <test-method signature="f()[pri:0, instance:Testcases.validSingleResource@4c9f8c13]" started-at="2022-09-19T16:13:17 IST" name="f" finished-at="2022-09-19T16:13:18 IST" duration-ms="593" status="PASS">
          <reporter-output>
          </reporter-output>
        </test-method> <!-- f -->
      </class> <!-- Testcases.validSingleResource -->
      <class name="Testcases.validgetDelayedResponse">
        <test-method signature="f()[pri:0, instance:Testcases.validgetDelayedResponse@5ae50ce6]" started-at="2022-09-19T16:13:18 IST" name="f" finished-at="2022-09-19T16:13:22 IST" duration-ms="4464" status="PASS">
          <reporter-output>
          </reporter-output>
        </test-method> <!-- f -->
      </class> <!-- Testcases.validgetDelayedResponse -->
      <class name="Testcases.invalidpostRegistration">
        <test-method signature="f()[pri:0, instance:Testcases.invalidpostRegistration@4a22f9e2]" started-at="2022-09-19T16:13:37 IST" name="f" finished-at="2022-09-19T16:13:38 IST" duration-ms="1219" status="PASS">
          <reporter-output>
          </reporter-output>
        </test-method> <!-- f -->
      </class> <!-- Testcases.invalidpostRegistration -->
      <class name="Testcases.validputUpdate">
        <test-method signature="f()[pri:0, instance:Testcases.validputUpdate@be64738]" started-at="2022-09-19T16:13:26 IST" name="f" finished-at="2022-09-19T16:13:28 IST" duration-ms="2169" status="PASS">
          <reporter-output>
          </reporter-output>
        </test-method> <!-- f -->
      </class> <!-- Testcases.validputUpdate -->
      <class name="Testcases.invalidSingleResource">
        <test-method signature="f()[pri:0, instance:Testcases.invalidSingleResource@48e4374]" started-at="2022-09-19T16:13:32 IST" name="f" finished-at="2022-09-19T16:13:34 IST" duration-ms="1248" status="PASS">
          <reporter-output>
          </reporter-output>
        </test-method> <!-- f -->
      </class> <!-- Testcases.invalidSingleResource -->
      <class name="Testcases.validListResource">
        <test-method signature="f()[pri:0, instance:Testcases.validListResource@769f71a9]" started-at="2022-09-19T16:13:17 IST" name="f" finished-at="2022-09-19T16:13:17 IST" duration-ms="510" status="PASS">
          <reporter-output>
          </reporter-output>
        </test-method> <!-- f -->
      </class> <!-- Testcases.validListResource -->
      <class name="Testcases.validpostLogin">
        <test-method signature="f()[pri:0, instance:Testcases.validpostLogin@3c419631]" started-at="2022-09-19T16:13:38 IST" name="f" finished-at="2022-09-19T16:13:39 IST" duration-ms="1133" status="PASS">
          <reporter-output>
          </reporter-output>
        </test-method> <!-- f -->
      </class> <!-- Testcases.validpostLogin -->
      <class name="Testcases.invalidpostLoginTest">
        <test-method signature="f()[pri:0, instance:Testcases.invalidpostLoginTest@418e7838]" started-at="2022-09-19T16:13:39 IST" name="f" finished-at="2022-09-19T16:13:43 IST" duration-ms="3310" status="PASS">
          <reporter-output>
          </reporter-output>
        </test-method> <!-- f -->
      </class> <!-- Testcases.invalidpostLoginTest -->
      <class name="Testcases.validget">
        <test-method signature="f()[pri:0, instance:Testcases.validget@5223e5ee]" started-at="2022-09-19T16:13:15 IST" name="f" finished-at="2022-09-19T16:13:16 IST" duration-ms="1694" status="PASS">
          <reporter-output>
          </reporter-output>
        </test-method> <!-- f -->
      </class> <!-- Testcases.validget -->
      <class name="Testcases.validpostRegistration">
        <test-method signature="f()[pri:0, instance:Testcases.validpostRegistration@4b5d6a01]" started-at="2022-09-19T16:13:36 IST" name="f" finished-at="2022-09-19T16:13:37 IST" duration-ms="1177" status="PASS">
          <reporter-output>
          </reporter-output>
        </test-method> <!-- f -->
      </class> <!-- Testcases.validpostRegistration -->
      <class name="Testcases.validgetsingleuser">
        <test-method signature="f()[pri:0, instance:Testcases.validgetsingleuser@49b0b76]" started-at="2022-09-19T16:13:16 IST" name="f" finished-at="2022-09-19T16:13:17 IST" duration-ms="515" status="PASS">
          <reporter-output>
          </reporter-output>
        </test-method> <!-- f -->
      </class> <!-- Testcases.validgetsingleuser -->
      <class name="Testcases.validDelete">
        <test-method signature="f()[pri:0, instance:Testcases.validDelete@3ba9ad43]" started-at="2022-09-19T16:13:28 IST" name="f" finished-at="2022-09-19T16:13:31 IST" duration-ms="2395" status="PASS">
          <reporter-output>
          </reporter-output>
        </test-method> <!-- f -->
      </class> <!-- Testcases.validDelete -->
      <class name="Testcases.validpatchUpdate">
        <test-method signature="f()[pri:0, instance:Testcases.validpatchUpdate@3d680b5a]" started-at="2022-09-19T16:13:34 IST" name="f" finished-at="2022-09-19T16:13:36 IST" duration-ms="2059" status="PASS">
          <reporter-output>
          </reporter-output>
        </test-method> <!-- f -->
      </class> <!-- Testcases.validpatchUpdate -->
      <class name="Testcases.validpostCreate">
        <test-method signature="f()[pri:0, instance:Testcases.validpostCreate@6f96c77]" started-at="2022-09-19T16:13:22 IST" name="f" finished-at="2022-09-19T16:13:26 IST" duration-ms="3569" status="PASS">
          <reporter-output>
          </reporter-output>
        </test-method> <!-- f -->
      </class> <!-- Testcases.validpostCreate -->
    </test> <!-- TestRunner -->
  </suite> <!-- Suite -->
</testng-results>
